### ISSUE TITLE
riscv: `ebreak` and `c.ebreak` are broken

### ISSUE THREAD

**Issue by xobs** [renode/renode#442]
I've been working on a debugger in RISC-V.

Single-stepping is accomplished by examining the current instruction and the state of the registers, then inserting a `c.ebreak` or `ebreak` instruction in place of the following instruction.

I've noticed several odd corner cases where Renode behaves inconsistently. For example, occasionally instructions are skipped:

```
(gdb)

Thread 1 received signal EXC_BREAKPOINT, Breakpoint.
0x000352e0 in compiler_builtins::mem::memcpy ()
ra             0x33190  0x33190 <xous::syscall::receive_message+20>
sp             0x7ffff590       0x7ffff590
gp             0x0      0x0
tp             0x60000000       0x60000000
t0             0x48     72
t1             0x35538  218424
t2             0x1      1
fp             0x7ffff690       0x7ffff690
s1             0x2      2
a0             0x1      1
a1             0x11     17
a2             0x10     16
a3             0xf      15
a4             0x0      0
a5             0x0      0
a6             0x0      0
a7             0x20000100       536871168
s2             0x0      0
s3             0x17220009       388104201
s4             0x7ffffaf8       2147482360
s5             0x20000468       536872040
s6             0x3      3
s7             0x1      1
s8             0xfffffffe       -2
s9             0x4      4
s10            0xf0f0f0f        252645135
s11            0x1010101        16843009
t3             0x1      1
t4             0x4      4
t5             0x0      0
t6             0x20000090       536871056
pc             0x352e0  0x352e0 <compiler_builtins::mem::memcpy+54>
Dump of assembler code from 0x352e0 to 0x352e5:
=> 0x000352e0 <_ZN17compiler_builtins3mem6memcpy17hc69cd8aa4a6887cfE+54>:       andi    a1,a7,3
   0x000352e4 <_ZN17compiler_builtins3mem6memcpy17hc69cd8aa4a6887cfE+58>:       add     a3,t2,t0
End of assembler dump.
(gdb)

Thread 1 received signal EXC_BREAKPOINT, Breakpoint.
0x000352e4 in compiler_builtins::mem::memcpy ()
ra             0x33190  0x33190 <xous::syscall::receive_message+20>
sp             0x7ffff590       0x7ffff590
gp             0x0      0x0
tp             0x60000000       0x60000000
t0             0x48     72
t1             0x35538  218424
t2             0x1      1
fp             0x7ffff690       0x7ffff690
s1             0x2      2
a0             0x1      1
a1             0x11     17
a2             0x10     16
a3             0xf      15
a4             0x0      0
a5             0x0      0
a6             0x0      0
a7             0x20000100       536871168
s2             0x0      0
s3             0x17220009       388104201
s4             0x7ffffaf8       2147482360
s5             0x20000468       536872040
s6             0x3      3
s7             0x1      1
s8             0xfffffffe       -2
s9             0x4      4
s10            0xf0f0f0f        252645135
s11            0x1010101        16843009
t3             0x1      1
t4             0x4      4
t5             0x0      0
t6             0x20000090       536871056
pc             0x352e4  0x352e4 <compiler_builtins::mem::memcpy+58>
Dump of assembler code from 0x352e4 to 0x352e9:
=> 0x000352e4 <_ZN17compiler_builtins3mem6memcpy17hc69cd8aa4a6887cfE+58>:       add     a3,t2,t0
   0x000352e8 <_ZN17compiler_builtins3mem6memcpy17hc69cd8aa4a6887cfE+62>:       beqz    a1,0x35326 <_ZN17compiler_builtins3mem6memcpy17hc69cd8aa4a6887cfE+124>
End of assembler dump.
(gdb)
```

In the above case, the instruction pointer is at `0x000352e0` which is `andi    a1,a7,3`. However, note how `a1` does not change at all even when we do `stepi`, even though the program counter has advanced and is now at `0x000352e4`. The value ought to be 0x20000100 & 3, however it remains set to 0x11.

This sort of thing happens about 5% of the time.

As an additional hint, sometimes `$sepc` is off by two, even though the given opcode is only two bytes. That is, I might patch e.g. `0x000352e4` by writing `c.ebreak c.ebreak`, and very rarely the program counter will point at the second `c.ebreak`. I have logic in place to fix the program counter, but it seems like there's something else wrong.

**Comment by xobs** [comment]
I have a repository now that demonstrates this problem.

Here's tinyemu:

```
--ctrlc my.cfg
Starting up...
16-bit Opcode at PC 800012ce 0001 -> 16-bit opcode at PC 800012d0: c0aa
16-bit Opcode at PC 800012d0 c0aa -> 32-bit opcode at PC 800012d2: 05e00513
32-bit Opcode at PC 800012d2 05e00513 -> 16-bit opcode at PC 800012d6: c2aa
16-bit Opcode at PC 800012d6 c2aa -> 16-bit opcode at PC 800012d8: 4506
16-bit Opcode at PC 800012d8 4506 -> 16-bit opcode at PC 800012da: 4596
16-bit Opcode at PC 800012da 4596 -> 32-bit opcode at PC 800012dc: 00000097
32-bit Opcode at PC 800012dc 00000097 -> 32-bit opcode at PC 800012e0: 526080e7
32-bit Opcode at PC 800012e0 526080e7 -> 16-bit opcode at PC 80001802: 1141
16-bit Opcode at PC 80001802 1141 -> 16-bit opcode at PC 80001804: c42a
16-bit Opcode at PC 80001804 c42a -> 16-bit opcode at PC 80001806: c62e
16-bit Opcode at PC 80001806 c62e -> 16-bit opcode at PC 80001808: 0141
16-bit Opcode at PC 80001808 0141 -> 16-bit opcode at PC 8000180a: 8082
16-bit Opcode at PC 8000180a 8082 -> 16-bit opcode at PC 800012e4: c4aa
16-bit Opcode at PC 800012e4 c4aa -> 16-bit opcode at PC 800012e6: c6ae
16-bit Opcode at PC 800012e6 c6ae -> 16-bit opcode at PC 800012e8: a009
16-bit Opcode at PC 800012e8 a009 -> 16-bit opcode at PC 800012ea: 00a8
16-bit Opcode at PC 800012ea 00a8 -> 32-bit opcode at PC 800012ec: 00000097
32-bit Opcode at PC 800012ec 00000097 -> 32-bit opcode at PC 800012f0: 502080e7
32-bit Opcode at PC 800012f0 502080e7 -> 16-bit opcode at PC 800017ee: 1141
...
```

(Output continues until it finishes)

I've also run this output under a patched version of Spike (https://github.com/riscv-software-src/riscv-isa-sim) to ensure it's correct, and it produces the same output.

However, Renode does this:

![image](https://user-images.githubusercontent.com/238325/226389185-56de1894-fcf1-4616-aeb4-ccbedf905478.png)

I've put together a repository that demonstrates this issue: https://github.com/xobs/renode-ebreak-test

**Comment by xobs** [comment]
This is fixed in the latest release
